Loading required package: shiny
Registered S3 method overwritten by 'quantmod':
  method            from
  as.zoo.data.frame zoo 

Attaching package: 'DT'

The following objects are masked from 'package:shiny':

    dataTableOutput, renderDataTable


Attaching package: 'lubridate'

The following objects are masked from 'package:data.table':

    hour, isoweek, isoyear, mday, minute, month, quarter, second, wday,
    week, yday, year

The following objects are masked from 'package:base':

    date, intersect, setdiff, union

Loading required package: xts
Loading required package: zoo

Attaching package: 'zoo'

The following objects are masked from 'package:data.table':

    yearmon, yearqtr

The following objects are masked from 'package:base':

    as.Date, as.Date.numeric


Attaching package: 'xts'

The following objects are masked from 'package:data.table':

    first, last


Attaching package: 'PerformanceAnalytics'

The following object is masked from 'package:graphics':

    legend


Attaching package: 'bslib'

The following object is masked from 'package:utils':

    page

Warning in dir.create(dir, recursive = TRUE) :
  cannot create dir 'C:\Users\Mislav\projects_r\CGSdash\.cache_codex_9077', reason 'Permission denied'
Warning in normalizePath(path.expand(path), winslash, mustWork) :
  path[1]="C:/Users/Mislav/projects_r/CGSdash/.cache_codex_9077": The system cannot find the file specified
Error: connection to server at "db-postgresql-fra1-54406-do-user-13776848-0.c.db.ondigitalocean.com" (134.122.76.103), port 25060 failed: Permission denied (0x0000271D/10013)
	Is the server running on that host and accepting TCP/IP connections?
Execution halted
